Added Component: Designator=B1(RB5-10.5)
Add component (AddParameter): Name = "LatestRevisionDate"; Value = "17-Jul-2002"; VariantName = "[No Variations]"
Add component (AddParameter): Name = "LatestRevisionNote"; Value = "Re-released for DXP Platform."; VariantName = "[No Variations]"
Add component (AddParameter): Name = "PackageDescription"; Value = "Capacitor (Radial); 2 Leads"; VariantName = "[No Variations]"
Add component (AddParameter): Name = "PackageReference"; Value = "RB5-10.5"; VariantName = "[No Variations]"
Add component (AddParameter): Name = "Published"; Value = "24-Mar-1999"; VariantName = "[No Variations]"
Add component (AddParameter): Name = "Publisher"; Value = "Altium Limited"; VariantName = "[No Variations]"
Added Component: Designator=IC1(TO127P254X495-3P)
Add component (AddParameter): Name = "Arrow Part Number"; Value = ""; VariantName = "[No Variations]"
Add component (AddParameter): Name = "Arrow Price/Stock"; Value = ""; VariantName = "[No Variations]"
Add component (AddParameter): Name = "Datasheet Link"; Value = ""; VariantName = "[No Variations]"
Add component (AddParameter): Name = "Manufacturer_Name"; Value = "Texas Instruments"; VariantName = "[No Variations]"
Add component (AddParameter): Name = "Manufacturer_Part_Number"; Value = "LM35CZ"; VariantName = "[No Variations]"
Add component (AddParameter): Name = "Mouser Part Number"; Value = "926-LM35CZ"; VariantName = "[No Variations]"
Add component (AddParameter): Name = "Mouser Price/Stock"; Value = "https://www.mouser.co.uk/ProductDetail/Texas-Instruments/LM35CZ?qs=QbsRYf82W3GOOtuH6W%2F42g%3D%3D"; VariantName = "[No Variations]"
Added Component: Designator=IC2(SOIC127P600X175-14N)
Add component (AddParameter): Name = "Arrow Part Number"; Value = ""; VariantName = "[No Variations]"
Add component (AddParameter): Name = "Arrow Price/Stock"; Value = ""; VariantName = "[No Variations]"
Add component (AddParameter): Name = "Datasheet Link"; Value = "http://www.ti.com/lit/gpn/sn74lv21a"; VariantName = "[No Variations]"
Add component (AddParameter): Name = "Height"; Value = "1.75mm"; VariantName = "[No Variations]"
Add component (AddParameter): Name = "Manufacturer_Name"; Value = "Texas Instruments"; VariantName = "[No Variations]"
Add component (AddParameter): Name = "Manufacturer_Part_Number"; Value = "SN74LV21ADR"; VariantName = "[No Variations]"
Add component (AddParameter): Name = "Mouser Part Number"; Value = "595-SN74LV21ADR"; VariantName = "[No Variations]"
Add component (AddParameter): Name = "Mouser Price/Stock"; Value = "https://www.mouser.co.uk/ProductDetail/Texas-Instruments/SN74LV21ADR?qs=q81XD9WTF%252BKhk1xwG%2Fa4dw%3D%3D"; VariantName = "[No Variations]"
Added Component: Designator=KBD1(Keyboard)
Add component (AddParameter): Name = "Adding Date"; Value = "10/21/2009"; VariantName = "[No Variations]"
Add component (AddParameter): Name = "Company"; Value = "Personal"; VariantName = "[No Variations]"
Add component (AddParameter): Name = "Designer"; Value = "Saeid Jorablo"; VariantName = "[No Variations]"
Add component (AddParameter): Name = "Project Name"; Value = "Abtahi"; VariantName = "[No Variations]"
Added Component: Designator=LCDPORT1*16(HDR1X16)
Add component (AddParameter): Name = "ComponentLinkURL"; Value = "www.picpars.com"; VariantName = "[No Variations]"
Add component (AddParameter): Name = "Designer"; Value = "Seyed Mohsen Ghasemain"; VariantName = "[No Variations]"
Added Component: Designator=R2(RES 0805 (2012X06L))
Add component (AddParameter): Name = "Tolerance"; Value = "5%"; VariantName = "[No Variations]"
Add component (AddParameter): Name = "Value"; Value = "1K"; VariantName = "[No Variations]"
Added Component: Designator=S1(Switch - Push to On)
Added Component: Designator=U1(44A_N)
Add component (AddParameter): Name = "Code_JEDEC"; Value = "MS-026-ACB"; VariantName = "[No Variations]"
Add component (AddParameter): Name = "ComponentLink1Description"; Value = "Manufacturer URL"; VariantName = "[No Variations]"
Add component (AddParameter): Name = "ComponentLink1URL"; Value = "http://www.atmel.com/"; VariantName = "[No Variations]"
Add component (AddParameter): Name = "ComponentLink2Description"; Value = "ATmega16(L)  Datasheet"; VariantName = "[No Variations]"
Add component (AddParameter): Name = "ComponentLink2URL"; Value = "http://www.atmel.com/dyn/resources/prod_documents/doc2466.pdf"; VariantName = "[No Variations]"
Add component (AddParameter): Name = "ComponentLink3Description"; Value = "ATmega16(L) Summary"; VariantName = "[No Variations]"
Add component (AddParameter): Name = "ComponentLink3URL"; Value = "http://www.atmel.com/dyn/resources/prod_documents/2466S.pdf"; VariantName = "[No Variations]"
Add component (AddParameter): Name = "DatasheetVersion"; Value = "revT, Jul-2010"; VariantName = "[No Variations]"
Add component (AddParameter): Name = "PackageDescription"; Value = "44-Pin Plastic Thin Profile Quad Flat Pack, 10 x 10 x 1.0 mm Body, 0.8 mm Pitch (TQFP)"; VariantName = "[No Variations]"
Add component (AddParameter): Name = "PackageReference"; Value = "44A"; VariantName = "[No Variations]"
Add component (AddParameter): Name = "PackageVersion"; Value = "revC, Oct-2010"; VariantName = "[No Variations]"
Added Component: Designator=U2(Multiwatt15H)
Add component (AddParameter): Name = "Datasheet"; Value = "Latest Revision: Jul-1999"; VariantName = "[No Variations]"
Add component (AddParameter): Name = "Package Information"; Value = "Latest Revision: Apr-1998"; VariantName = "[No Variations]"
Add component (AddParameter): Name = "Package Reference"; Value = "Multiwatt15H"; VariantName = "[No Variations]"
Add component (AddParameter): Name = "Published"; Value = "8-Jun-2000"; VariantName = "[No Variations]"
Add component (AddParameter): Name = "Publisher"; Value = "Altium Limited"; VariantName = "[No Variations]"
Add component (AddParameter): Name = "Revision 1"; Value = "24-Aug-2001: Footprint Added."; VariantName = "[No Variations]"
Add component (AddParameter): Name = "Revision 2"; Value = "17-Jul-2002: Re-released for DXP Platform."; VariantName = "[No Variations]"
Added Component: Designator=VR1(Pot 00)
Add component (AddParameter): Name = "Adding Date"; Value = "137/12/22"; VariantName = "[No Variations]"
Add component (AddParameter): Name = "Company"; Value = "ControTec"; VariantName = "[No Variations]"
Add component (AddParameter): Name = "Designer"; Value = "Saeid Jorablo"; VariantName = "[No Variations]"
Add component (AddParameter): Name = "Value"; Value = "1K"; VariantName = "[No Variations]"
Added Pin To Net: NetName=+5 Pin=IC1-1
Added Pin To Net: NetName=+5 Pin=IC2-14
Added Pin To Net: NetName=+5 Pin=KBD1-9
Added Pin To Net: NetName=+5 Pin=LCDPORT1*16-2
Added Pin To Net: NetName=+5 Pin=LCDPORT1*16-15
Added Pin To Net: NetName=+5 Pin=R2-2
Added Pin To Net: NetName=+5 Pin=U1-5
Added Pin To Net: NetName=+5 Pin=U1-17
Added Pin To Net: NetName=+5 Pin=U1-27
Added Pin To Net: NetName=+5 Pin=U1-29
Added Pin To Net: NetName=+5 Pin=U1-38
Added Pin To Net: NetName=+5 Pin=U2-9
Added Pin To Net: NetName=+5 Pin=VR1-2
Added Net: Name=+5
Added Pin To Net: NetName=+12 Pin=U2-4
Added Net: Name=+12
Added Pin To Net: NetName=GND Pin=IC1-3
Added Pin To Net: NetName=GND Pin=IC2-7
Added Pin To Net: NetName=GND Pin=LCDPORT1*16-1
Added Pin To Net: NetName=GND Pin=LCDPORT1*16-16
Added Pin To Net: NetName=GND Pin=S1-1
Added Pin To Net: NetName=GND Pin=S1-1
Added Pin To Net: NetName=GND Pin=U1-6
Added Pin To Net: NetName=GND Pin=U1-18
Added Pin To Net: NetName=GND Pin=U1-28
Added Pin To Net: NetName=GND Pin=U1-39
Added Pin To Net: NetName=GND Pin=U2-8
Added Pin To Net: NetName=GND Pin=U2-15
Added Pin To Net: NetName=GND Pin=VR1-1
Added Net: Name=GND
Added Pin To Net: NetName=NetB1_1 Pin=B1-1
Added Pin To Net: NetName=NetB1_1 Pin=U2-2
Added Net: Name=NetB1_1
Added Pin To Net: NetName=NetB1_2 Pin=B1-2
Added Pin To Net: NetName=NetB1_2 Pin=U2-3
Added Net: Name=NetB1_2
Added Pin To Net: NetName=NetLCDPORT1*16_3 Pin=LCDPORT1*16-3
Added Pin To Net: NetName=NetLCDPORT1*16_3 Pin=VR1-3
Added Net: Name=NetLCDPORT1*16_3
Added Pin To Net: NetName=NetR2_1 Pin=R2-1
Added Pin To Net: NetName=NetR2_1 Pin=S1-2
Added Pin To Net: NetName=NetR2_1 Pin=S1-2
Added Pin To Net: NetName=NetR2_1 Pin=U1-4
Added Net: Name=NetR2_1
Added Pin To Net: NetName=PA0 Pin=IC1-2
Added Pin To Net: NetName=PA0 Pin=U1-37
Added Net: Name=PA0
Added Pin To Net: NetName=PB0 Pin=U1-40
Added Pin To Net: NetName=PB0 Pin=U2-5
Added Net: Name=PB0
Added Pin To Net: NetName=PB1 Pin=U2-7
Added Net: Name=PB1
Added Pin To Net: NetName=PB2 Pin=U1-42
Added Net: Name=PB2
Added Pin To Net: NetName=PB3 Pin=IC2-6
Added Pin To Net: NetName=PB3 Pin=U1-43
Added Pin To Net: NetName=PB3 Pin=U2-6
Added Net: Name=PB3
Added Pin To Net: NetName=PC0 Pin=KBD1-5
Added Pin To Net: NetName=PC0 Pin=U1-19
Added Net: Name=PC0
Added Pin To Net: NetName=PC1 Pin=KBD1-6
Added Net: Name=PC1
Added Pin To Net: NetName=PC2 Pin=KBD1-7
Added Pin To Net: NetName=PC2 Pin=U1-21
Added Net: Name=PC2
Added Pin To Net: NetName=PC3 Pin=KBD1-8
Added Pin To Net: NetName=PC3 Pin=U1-22
Added Net: Name=PC3
Added Pin To Net: NetName=PC4 Pin=IC2-1
Added Pin To Net: NetName=PC4 Pin=KBD1-1
Added Pin To Net: NetName=PC4 Pin=U1-23
Added Net: Name=PC4
Added Pin To Net: NetName=PC5 Pin=IC2-2
Added Pin To Net: NetName=PC5 Pin=KBD1-2
Added Pin To Net: NetName=PC5 Pin=U1-24
Added Net: Name=PC5
Added Pin To Net: NetName=PC6 Pin=IC2-4
Added Pin To Net: NetName=PC6 Pin=KBD1-3
Added Pin To Net: NetName=PC6 Pin=U1-25
Added Net: Name=PC6
Added Pin To Net: NetName=PC7 Pin=IC2-5
Added Pin To Net: NetName=PC7 Pin=KBD1-4
Added Pin To Net: NetName=PC7 Pin=U1-26
Added Net: Name=PC7
Added Pin To Net: NetName=PD0 Pin=LCDPORT1*16-4
Added Pin To Net: NetName=PD0 Pin=U1-9
Added Net: Name=PD0
Added Pin To Net: NetName=PD1 Pin=LCDPORT1*16-5
Added Pin To Net: NetName=PD1 Pin=U1-10
Added Net: Name=PD1
Added Pin To Net: NetName=PD2 Pin=LCDPORT1*16-6
Added Pin To Net: NetName=PD2 Pin=U1-11
Added Net: Name=PD2
Added Pin To Net: NetName=PD4 Pin=LCDPORT1*16-11
Added Pin To Net: NetName=PD4 Pin=U1-13
Added Net: Name=PD4
Added Pin To Net: NetName=PD5 Pin=LCDPORT1*16-12
Added Pin To Net: NetName=PD5 Pin=U1-14
Added Net: Name=PD5
Added Pin To Net: NetName=PD6 Pin=LCDPORT1*16-13
Added Pin To Net: NetName=PD6 Pin=U1-15
Added Net: Name=PD6
Added Pin To Net: NetName=PD7 Pin=LCDPORT1*16-14
Added Pin To Net: NetName=PD7 Pin=U1-16
Added Net: Name=PD7
Added Class: Name=Sheet1
Added Room: Name=Sheet1
